Arguments: 
  C:\Program Files\nodejs\node.exe C:\Users\Lenovo\AppData\Roaming\npm\node_modules\yarn\bin\yarn.js add --dev @openzeppelin/contracts

PATH: 
  C:\Program Files (x86)\Common Files\Intel\Shared Libraries\redist\intel64\compiler;C:\Program Files (x86)\Common Files\Oracle\Java\javapath;C:\Windows\system32;C:\Windows;C:\Windows\System32\Wbem;C:\Windows\System32\WindowsPowerShell\v1.0\;C:\Windows\System32\OpenSSH\;C:\Program Files (x86)\NVIDIA Corporation\PhysX\Common;C:\Program Files\NVIDIA Corporation\NVIDIA NvDLISR;D:\flutter_windows_2.2.3-stable\flutter\bin;C:\Program Files (x86)\Java\jre1.8.0_291\bin;C:\Program Files\Android\Android Studio\bin;C:\Program Files\Android\Android Studio\jre\bin;C:\Program Files (x86)\Java\jdk1.8.0_291;C:\Program Files\Git\cmd;C:\ProgramData\chocolatey\bin;C:\Program Files\nodejs\;C:\Program Files (x86)\dotnet\;C:\php;C:\Program Files\Amazon\AWSCLIV2\;C:\Program Files\MySQL\MySQL Shell 8.0\bin\;C:\Users\Lenovo\AppData\Local\Programs\Python\Python39\Scripts\;C:\Users\Lenovo\AppData\Local\Programs\Python\Python39\;C:\Users\Lenovo\AppData\Local\Microsoft\WindowsApps;D:\Microsoft VS Code\bin;D:\flutter_windows_2.2.3-stable\flutter\bin;C:\Program Files (x86)\Java\jre1.8.0_291\bin;C:\Program Files\Android\Android Studio\bin;C:\Program Files\Android\Android Studio\jre\bin;C:\Program Files (x86)\Java\jdk1.8.0_291;C:\Users\Lenovo\AppData\Local\GitHubDesktop\bin;C:\Program Files\heroku\bin;C:\Users\Lenovo\AppData\Roaming\npm;C:\Users\Lenovo\.dotnet\tools;D:\virtual\Multipass\bin

Yarn version: 
  1.22.19

Node version: 
  14.17.3

Platform: 
  win32 x64

Trace: 
  Error: EPERM: operation not permitted, unlink 'C:\Users\Lenovo\Desktop\blockchain\NFTMarketplace\node_modules\@nomicfoundation\solidity-analyzer-win32-x64-msvc\solidity-analyzer.win32-x64-msvc.node'

npm manifest: 
  {
    "name": "nftmarketplace",
    "version": "1.0.0",
    "description": "This project demonstrates a basic Hardhat use case. It comes with a sample contract, a test for that contract, and a script that deploys that contract.",
    "main": "index.js",
    "dependencies": {
      "@ethersproject/providers": "^5.7.2",
      "@nomicfoundation/hardhat-chai-matchers": "^1.0.5",
      "@nomicfoundation/hardhat-network-helpers": "^1.0.7",
      "@nomicfoundation/hardhat-toolbox": "^2.0.0",
      "@nomiclabs/hardhat-ethers": "^2.2.1",
      "@nomiclabs/hardhat-etherscan": "^3.1.3",
      "@typechain/ethers-v5": "^10.2.0",
      "@typechain/hardhat": "^6.1.5",
      "@types/chai": "^4.3.4",
      "@types/mocha": "^10.0.1",
      "chai": "^4.3.7",
      "ethers": "^5.7.2",
      "hardhat": "^2.12.4",
      "hardhat-gas-reporter": "^1.0.9",
      "solidity-coverage": "^0.8.2",
      "ts-node": "^10.9.1",
      "typechain": "^8.1.1",
      "typescript": "^4.9.4"
    },
    "devDependencies": {},
    "scripts": {
      "test": "mocha"
    },
    "repository": {
      "type": "git",
      "url": "git+https://github.com/ri-dev-git/NFT-Marketplace.git"
    },
    "author": "",
    "license": "ISC",
    "bugs": {
      "url": "https://github.com/ri-dev-git/NFT-Marketplace/issues"
    },
    "homepage": "https://github.com/ri-dev-git/NFT-Marketplace#readme"
  }

yarn manifest: 
  No manifest

Lockfile: 
  No lockfile
